<?xml version="1.0" encoding="UTF-8"?>
<!-- Generated by org.testng.reporters.JUnitReportReporter -->
<testsuite skipped="0" hostname="yh1002828lt" name="com.Project1.Firstone" tests="1" failures="0" timestamp="06 Aug 2020 11:11:56 GMT" time="0.026" errors="0">
  <testcase name="abc" time="0.026" classname="com.Project1.Firstone"/>
</testsuite> <!-- com.Project1.Firstone -->
